<?xml version="1.0" encoding="UTF-8"?>
<!-- Generated by org.testng.reporters.JUnitReportReporter -->
<testsuite hostname="LAPTOP-28VI613J" failures="0" tests="1" name="NewClass" time="2.190" errors="0" timestamp="2024-11-13T09:46:48 IST" skipped="0">
  <testcase classname="NewClass" name="newtest" time="2.190"/>
  <system-out/>
</testsuite> <!-- NewClass -->
